<?xml version="1.0" encoding="UTF-8"?>
<!-- Generated by org.testng.reporters.JUnitXMLReporter -->
<testsuite ignored="0" hostname="Rajhans" failures="0" tests="4" name="Surefire test" time="6.336" errors="0" timestamp="2024-01-03T10:49:23 IST">
  <testcase classname="com.Spotify.OAuth2.test.CRUD_PlayListTest" name="getPlayList_test" time="5.762"/>
  <testcase classname="com.Spotify.OAuth2.test.CRUD_PlayListTest" name="testWithoutName" time="6.021"/>
  <testcase classname="com.Spotify.OAuth2.test.CRUD_PlayListTest" name="updatePlaylistTest" time="6.058"/>
  <testcase classname="com.Spotify.OAuth2.test.CRUD_PlayListTest" name="CreatePlayList_test" time="6.198"/>
</testsuite> <!-- Surefire test -->
