<?xml version="1.0" encoding="UTF-8"?>
<!-- Generated by org.testng.reporters.JUnitXMLReporter -->
<testsuite ignored="0" hostname="Rajhans" failures="0" tests="4" name="Default test" time="7.7" errors="0" timestamp="2023-12-29T23:27:39 IST">
  <testcase classname="com.Spotify.OAuth2.test.CRUD_PlayListTest" name="CreatePlayList_test" time="6.463"/>
  <testcase classname="com.Spotify.OAuth2.test.CRUD_PlayListTest" name="getPlayList_test" time="0.405"/>
  <testcase classname="com.Spotify.OAuth2.test.CRUD_PlayListTest" name="testWithoutName" time="0.273"/>
  <testcase classname="com.Spotify.OAuth2.test.CRUD_PlayListTest" name="updatePlaylistTest" time="0.343"/>
</testsuite> <!-- Default test -->
