<?xml version="1.0" encoding="UTF-8"?>
<!-- Generated by org.testng.reporters.JUnitXMLReporter -->
<testsuite ignored="0" hostname="Rajhans" failures="0" tests="4" name="Default test" time="12.457" errors="0" timestamp="2023-12-30T17:47:03 IST">
  <testcase classname="com.Spotify.OAuth2.test.CRUD_PlayListTest" name="CreatePlayList_test" time="10.575"/>
  <testcase classname="com.Spotify.OAuth2.test.CRUD_PlayListTest" name="getPlayList_test" time="0.576"/>
  <testcase classname="com.Spotify.OAuth2.test.CRUD_PlayListTest" name="testWithoutName" time="0.559"/>
  <testcase classname="com.Spotify.OAuth2.test.CRUD_PlayListTest" name="updatePlaylistTest" time="0.518"/>
</testsuite> <!-- Default test -->
