<?xml version="1.0" encoding="UTF-8"?>
<testsuite xmlns:xsi="http://www.w3.org/2001/XMLSchema-instance" xsi:noNamespaceSchemaLocation="https://maven.apache.org/surefire/maven-surefire-plugin/xsd/surefire-test-report-3.0.xsd" version="3.0" name="TestSuite" time="12.091" tests="4" errors="0" skipped="0" failures="0">
  <properties>
[...]
</properties>
  <testcase name="testWithoutName" classname="com.Spotify.OAuth2.test.CRUD_PlayListTest" time="9.931">
    <system-out><![CDATA[renewing token.....
renewing token.....
renewing token.....
renewing token.....
Request method:	POST
Request URI:	https://accounts.spotify.com/api/token
Proxy:			<none>
Request params:	<none>
Query params:	<none>
Form params:	refresh_token=AQAXAJyKb2Dobv1_C3EuzmJcobtMvTUP6jUOtOyLzO2RnZwDYy6t7liTSZArraT2KemFJsDeMf0VLeWGfh9nvuPK6flTBC8s5_r--k7OczYzKS_FlTa_6PrTBeNe57g84bw
				grant_type=refresh_token
				client_secret=6f2753088e4242f7b24d31eb260b6531
				client_id=fd10a3ce8cda4fedb3ed631f6e014039
Path params:	<none>
Headers:		Accept=*/*
				Content-Type=application/x-www-form-urlencoded; charset=ISO-8859-1
Cookies:		<none>
Multiparts:		<none>
Body:			<none>
Request method:	POST
Request URI:	https://accounts.spotify.com/api/token
Proxy:			<none>
Request params:	<none>
Query params:	<none>
Form params:	refresh_token=AQAXAJyKb2Dobv1_C3EuzmJcobtMvTUP6jUOtOyLzO2RnZwDYy6t7liTSZArraT2KemFJsDeMf0VLeWGfh9nvuPK6flTBC8s5_r--k7OczYzKS_FlTa_6PrTBeNe57g84bw
				grant_type=refresh_token
				client_secret=6f2753088e4242f7b24d31eb260b6531
				client_id=fd10a3ce8cda4fedb3ed631f6e014039
Path params:	<none>
Headers:		Accept=*/*
				Content-Type=application/x-www-form-urlencoded; charset=ISO-8859-1
Cookies:		<none>
Multiparts:		<none>
Body:			<none>
Request method:	POST
Request URI:	https://accounts.spotify.com/api/token
Proxy:			<none>
Request params:	<none>
Query params:	<none>
Form params:	refresh_token=AQAXAJyKb2Dobv1_C3EuzmJcobtMvTUP6jUOtOyLzO2RnZwDYy6t7liTSZArraT2KemFJsDeMf0VLeWGfh9nvuPK6flTBC8s5_r--k7OczYzKS_FlTa_6PrTBeNe57g84bw
				grant_type=refresh_token
				client_secret=6f2753088e4242f7b24d31eb260b6531
				client_id=fd10a3ce8cda4fedb3ed631f6e014039
Path params:	<none>
Headers:		Accept=*/*
				Content-Type=application/x-www-form-urlencoded; charset=ISO-8859-1
Cookies:		<none>
Multiparts:		<none>
Body:			<none>
Request method:	POST
Request URI:	https://accounts.spotify.com/api/token
Proxy:			<none>
Request params:	<none>
Query params:	<none>
Form params:	refresh_token=AQAXAJyKb2Dobv1_C3EuzmJcobtMvTUP6jUOtOyLzO2RnZwDYy6t7liTSZArraT2KemFJsDeMf0VLeWGfh9nvuPK6flTBC8s5_r--k7OczYzKS_FlTa_6PrTBeNe57g84bw
				grant_type=refresh_token
				client_secret=6f2753088e4242f7b24d31eb260b6531
				client_id=fd10a3ce8cda4fedb3ed631f6e014039
Path params:	<none>
Headers:		Accept=*/*
				Content-Type=application/x-www-form-urlencoded; charset=ISO-8859-1
Cookies:		<none>
Multiparts:		<none>
Body:			<none>
HTTP/1.1 200 OK
date: Sat, 30 Dec 2023 12:35:03 GMT
content-type: application/json
vary: Accept-Encoding
set-cookie: __Host-device_id=AQCIqjks7AqsP1OCEVls1VGoyRV9kjwlmvgAbbdjiGCo3DWBr9cylDNEPVb2YCdpZ6u8GDgyzTZOqZNcwmZJkheiyXAElfrn_js;Version=1;Path=/;Max-Age=2147483647;Secure;HttpOnly;SameSite=Lax
set-cookie: sp_tr=false;Version=1;Domain=accounts.spotify.com;Path=/;Secure;SameSite=Lax
sp-trace-id: 77a9fef0cc332c75
content-encoding: gzip
x-envoy-upstream-service-time: 21
server: envoy
strict-transport-security: max-age=31536000
x-content-type-options: nosniff
Via: HTTP/2 edgeproxy, 1.1 google
Alt-Svc: h3=":443"; ma=2592000,h3-29=":443"; ma=2592000
Transfer-Encoding: chunked

{
    "access_token": "BQD19ImxU7aW5UVVLp9-_b-A9WcmLKMrIY3UknMcUuBW0G2FqpMWlEq0_c7qFSL1ygykwp9CuLdM7W67kXPVOyMZnxIuwY3qGO-zuQZfMbz4OpH8yJQu0neDWsFxcqWKb42jJPIljg9KjQJylNhV5VORUTvN9IAYpX2pIgCKvtqwwiv-T70Q5zF_RFyfpBGz1YYQounNswhW1GSo4plqqD0yxXsdXbCR-xqAUhkuhdiaOiCjAlZFXJJVizvNXu5irB8T-Qx9Ut7xF9FA",
    "token_type": "Bearer",
    "expires_in": 3600,
    "scope": "playlist-read-private playlist-read-collaborative playlist-modify-private playlist-modify-public"
}
HTTP/1.1 200 OK
date: Sat, 30 Dec 2023 12:35:03 GMT
content-type: application/json
vary: Accept-Encoding
set-cookie: __Host-device_id=AQB0MKKPkNj_OobI_UMUjRK-0LpbNzT9lIspyVg5ElEA1jvr4FGqHVNRo0IY-tD8mfaB_5QKKPHfgQ5keAHuorjRqeRe8CLDzxE;Version=1;Path=/;Max-Age=2147483647;Secure;HttpOnly;SameSite=Lax
set-cookie: sp_tr=false;Version=1;Domain=accounts.spotify.com;Path=/;Secure;SameSite=Lax
sp-trace-id: c3f14bdbb9b41a3e
content-encoding: gzip
x-envoy-upstream-service-time: 21
server: envoy
strict-transport-security: max-age=31536000
x-content-type-options: nosniff
Via: HTTP/2 edgeproxy, 1.1 google
Alt-Svc: h3=":443"; ma=2592000,h3-29=":443"; ma=2592000
Transfer-Encoding: chunked

{
    "access_token": "BQCIGjpGjL6bin9aiWXwn8e5Zu4nMIX5GS8OGynz5iSjyTExx_0CRgZIqSPnWThH9VIDhTf578FljiXn5mHLjEFk_6YzavXrHFtIWNLOP76S9R9FAOVix9E1-QeIa33kXspt-IdFhACzPz-UnE09N9VzAbEw2SGVC2mVbPPI5hrmR3Ab8_LjQFXYfF0QZM4s1vYnGQfETwSsuEqClhWxc26bPH3URWjj2ARWkRtOI99PygrQ1QbmVUuj5wGgyjlJWlxBmeBV89tAHJUc",
    "token_type": "Bearer",
    "expires_in": 3600,
    "scope": "playlist-read-private playlist-read-collaborative playlist-modify-private playlist-modify-public"
}
HTTP/1.1 200 OK
date: Sat, 30 Dec 2023 12:35:03 GMT
content-type: application/json
vary: Accept-Encoding
set-cookie: __Host-device_id=AQBDPhiO7hyIguv0Tlcy0Wm7IA7pJ42FKaABkalXcRbSCD27JEnC2LqdOx0NRa2ZZDC9xJnAkyI_EM05S1WB3bku8f1jI7-M3PA;Version=1;Path=/;Max-Age=2147483647;Secure;HttpOnly;SameSite=Lax
set-cookie: sp_tr=false;Version=1;Domain=accounts.spotify.com;Path=/;Secure;SameSite=Lax
sp-trace-id: 601f48c6891834ce
content-encoding: gzip
x-envoy-upstream-service-time: 22
server: envoy
strict-transport-security: max-age=31536000
x-content-type-options: nosniff
Via: HTTP/2 edgeproxy, 1.1 google
Alt-Svc: h3=":443"; ma=2592000,h3-29=":443"; ma=2592000
Transfer-Encoding: chunked

{
    "access_token": "BQAX1unCXDuSlQgczWO7l0sYCg9bH6QX1_UttZfJUZMgYllTxkVNf-ddY6jhqNNZDLTL3Srp14qEqlDJVvaUQgw6qFNEKr6Bk8Engr2c0QEmKdO5tEsvh9S9p5sUPP_lFUGzkPm987NIu9d1plaLRJ21-_YD4Ki5nB_RldPVs1-Yqbc8znFOPuiCH_iU0BCo-VID7WDEmNZ1qv669msyG8Xkmkbc1YnjwU-qriwDIXGUT1QdySl-Oqn2yw_beNGXCX0qVvDQFWSWONMN",
    "token_type": "Bearer",
    "expires_in": 3600,
    "scope": "playlist-read-private playlist-read-collaborative playlist-modify-private playlist-modify-public"
}
HTTP/1.1 200 OK
date: Sat, 30 Dec 2023 12:35:03 GMT
content-type: application/json
vary: Accept-Encoding
set-cookie: __Host-device_id=AQDDSLJ9nU1AxpgdPYTRH9whQoin6fXc2_BZ22MG5ZfzhykVhyx8Kzpo2JBCWNtY_94jOBoXwBujw5Rg8gl_G5jChvdg0CpkfTI;Version=1;Path=/;Max-Age=2147483647;Secure;HttpOnly;SameSite=Lax
set-cookie: sp_tr=false;Version=1;Domain=accounts.spotify.com;Path=/;Secure;SameSite=Lax
sp-trace-id: a9846f8f87aea0ff
content-encoding: gzip
x-envoy-upstream-service-time: 23
server: envoy
strict-transport-security: max-age=31536000
x-content-type-options: nosniff
Via: HTTP/2 edgeproxy, 1.1 google
Alt-Svc: h3=":443"; ma=2592000,h3-29=":443"; ma=2592000
Transfer-Encoding: chunked

{
    "access_token": "BQD3f46D5r8nZ6OG9PacApVqM-msC4P5D-avdpx0BcnONrUz88Cqa5h2t48UeEf7r12YJnY_3DPPhpNR7BlteWLFD5HoIy1OL88losAcOZ0d81Qd2_WBDORfGK9zeC3Es_PEQirCkZPYf2REYMGim7fvedsIJgjTKbGtm5yOij5HJbcB8r-zWh_D7InK1meD8_gXHq4SjHuX4abLuwdDzaiaSeEliYOxG6LCTEtZzm55E3dHFtAoba2rIoZVxKigNWm5bgat23lJZS2Y",
    "token_type": "Bearer",
    "expires_in": 3600,
    "scope": "playlist-read-private playlist-read-collaborative playlist-modify-private playlist-modify-public"
}
Request method:	GET
Request URI:	https://api.spotify.com/v1/playlists/0UrzGtrt1nDbxX1vrFh7UX
Proxy:			<none>
Request params:	<none>
Query params:	<none>
Form params:	<none>
Path params:	<none>
Headers:		Authorization=Bearer BQAX1unCXDuSlQgczWO7l0sYCg9bH6QX1_UttZfJUZMgYllTxkVNf-ddY6jhqNNZDLTL3Srp14qEqlDJVvaUQgw6qFNEKr6Bk8Engr2c0QEmKdO5tEsvh9S9p5sUPP_lFUGzkPm987NIu9d1plaLRJ21-_YD4Ki5nB_RldPVs1-Yqbc8znFOPuiCH_iU0BCo-VID7WDEmNZ1qv669msyG8Xkmkbc1YnjwU-qriwDIXGUT1QdySl-Oqn2yw_beNGXCX0qVvDQFWSWONMN
				Accept=*/*
				Content-Type=application/json
Cookies:		<none>
Multiparts:		<none>
Body:			<none>
HTTP/1.1 200 OK
content-type: application/json; charset=utf-8
cache-control: public, max-age=0
etag: "MC-IjdhYTgyYWJiOGY1Njg0MjEwZDYyZDY4NTJlMmVlZjY2Ig=="
x-robots-tag: noindex, nofollow
access-control-allow-origin: *
access-control-allow-headers: Accept, App-Platform, Authorization, Content-Type, Origin, Retry-After, Spotify-App-Version, X-Cloud-Trace-Context, client-token, content-access-token
access-control-allow-methods: GET, POST, OPTIONS, PUT, DELETE, PATCH
access-control-allow-credentials: true
access-control-max-age: 604800
content-encoding: gzip
strict-transport-security: max-age=31536000
x-content-type-options: nosniff
date: Sat, 30 Dec 2023 12:35:07 GMT
server: envoy
Via: HTTP/2 edgeproxy, 1.1 google
Alt-Svc: h3=":443"; ma=2592000,h3-29=":443"; ma=2592000
Transfer-Encoding: chunked

{
    "collaborative": false,
    "external_urls": {
        "spotify": "https://open.spotify.com/playlist/0UrzGtrt1nDbxX1vrFh7UX"
    },
    "followers": {
        "href": null,
        "total": 0
    },
    "href": "https://api.spotify.com/v1/playlists/0UrzGtrt1nDbxX1vrFh7UX",
    "id": "0UrzGtrt1nDbxX1vrFh7UX",
    "images": null,
    "primary_color": null,
    "name": "MyNew PlayList2",
    "description": "Testing spotify",
    "type": "playlist",
    "uri": "spotify:playlist:0UrzGtrt1nDbxX1vrFh7UX",
    "owner": {
        "href": "https://api.spotify.com/v1/users/31b4n7nf3rjv3x2toy3bthrfzwoi",
        "id": "31b4n7nf3rjv3x2toy3bthrfzwoi",
        "type": "user",
        "uri": "spotify:user:31b4n7nf3rjv3x2toy3bthrfzwoi",
        "display_name": "Rajhans Mehta",
        "external_urls": {
            "spotify": "https://open.spotify.com/user/31b4n7nf3rjv3x2toy3bthrfzwoi"
        }
    },
    "public": true,
    "snapshot_id": "MTAsZjIxZTFkNzExN2I0ZjdmYmJlMGUyOWVhNWNiM2RiYTc0ZGZlYjI2Zg==",
    "tracks": {
        "limit": 0,
        "next": null,
        "offset": 0,
        "previous": null,
        "href": "https://api.spotify.com/v1/playlists/0UrzGtrt1nDbxX1vrFh7UX/tracks?offset=0&limit=0",
        "total": 0,
        "items": [
            
        ]
    }
}
Request method:	POST
Request URI:	https://api.spotify.com/v1/users/31b4n7nf3rjv3x2toy3bthrfzwoi/playlists
Proxy:			<none>
Request params:	<none>
Query params:	<none>
Form params:	<none>
Path params:	<none>
Headers:		Accept=*/*
				Content-Type=application/json
Cookies:		<none>
Multiparts:		<none>
Body:
{
    "name": "",
    "description": "Testing spotify",
    "public": false
}
Request method:	PUT
Request URI:	https://api.spotify.com/v1/playlists/0UrzGtrt1nDbxX1vrFh7UX
Proxy:			<none>
Request params:	<none>
Query params:	<none>
Form params:	<none>
Path params:	<none>
Headers:		Accept=*/*
				Content-Type=application/json
Cookies:		<none>
Multiparts:		<none>
Body:
{
    "name": "MyNew PlayList2",
    "description": "Testing spotify",
    "public": false
}
Request method:	POST
Request URI:	https://api.spotify.com/v1/users/31b4n7nf3rjv3x2toy3bthrfzwoi/playlists
Proxy:			<none>
Request params:	<none>
Query params:	<none>
Form params:	<none>
Path params:	<none>
Headers:		Accept=*/*
				Content-Type=application/json
Cookies:		<none>
Multiparts:		<none>
Body:
{
    "name": "MyNew PlayList2",
    "description": "Testing spotify",
    "public": false
}
HTTP/1.1 400 Bad Request
content-type: application/json; charset=utf-8
cache-control: private, max-age=0
x-robots-tag: noindex, nofollow
access-control-allow-origin: *
access-control-allow-headers: Accept, App-Platform, Authorization, Content-Type, Origin, Retry-After, Spotify-App-Version, X-Cloud-Trace-Context, client-token, content-access-token
access-control-allow-methods: GET, POST, OPTIONS, PUT, DELETE, PATCH
access-control-allow-credentials: true
access-control-max-age: 604800
content-encoding: gzip
strict-transport-security: max-age=31536000
x-content-type-options: nosniff
date: Sat, 30 Dec 2023 12:35:08 GMT
server: envoy
Via: HTTP/2 edgeproxy, 1.1 google
Alt-Svc: h3=":443"; ma=2592000,h3-29=":443"; ma=2592000
Transfer-Encoding: chunked

{
    "error": {
        "status": 400,
        "message": "Missing required field: name"
    }
}
HTTP/1.1 200 OK
cache-control: private, max-age=0
x-robots-tag: noindex, nofollow
access-control-allow-origin: *
access-control-allow-headers: Accept, App-Platform, Authorization, Content-Type, Origin, Retry-After, Spotify-App-Version, X-Cloud-Trace-Context, client-token, content-access-token
access-control-allow-methods: GET, POST, OPTIONS, PUT, DELETE, PATCH
access-control-allow-credentials: true
access-control-max-age: 604800
Content-Length: 0
strict-transport-security: max-age=31536000
x-content-type-options: nosniff
date: Sat, 30 Dec 2023 12:35:08 GMT
server: envoy
Via: HTTP/2 edgeproxy, 1.1 google
Alt-Svc: h3=":443"; ma=2592000,h3-29=":443"; ma=2592000
]]></system-out>
    <system-err><![CDATA[SLF4J: Failed to load class "org.slf4j.impl.StaticLoggerBinder".
SLF4J: Defaulting to no-operation (NOP) logger implementation
SLF4J: See http://www.slf4j.org/codes.html#StaticLoggerBinder for further details.
]]></system-err>
  </testcase>
  <testcase name="getPlayList_test" classname="com.Spotify.OAuth2.test.CRUD_PlayListTest" time="9.936"/>
  <testcase name="updatePlaylistTest" classname="com.Spotify.OAuth2.test.CRUD_PlayListTest" time="9.937"/>
  <testcase name="CreatePlayList_test" classname="com.Spotify.OAuth2.test.CRUD_PlayListTest" time="10.274">
    <system-out><![CDATA[HTTP/1.1 201 Created
content-type: application/json; charset=utf-8
cache-control: private, max-age=0
location: https://api.spotify.com/v1/playlists/0xQtuJtLShUxasRsDDGtMn
x-robots-tag: noindex, nofollow
access-control-allow-origin: *
access-control-allow-headers: Accept, App-Platform, Authorization, Content-Type, Origin, Retry-After, Spotify-App-Version, X-Cloud-Trace-Context, client-token, content-access-token
access-control-allow-methods: GET, POST, OPTIONS, PUT, DELETE, PATCH
access-control-allow-credentials: true
access-control-max-age: 604800
content-encoding: gzip
strict-transport-security: max-age=31536000
x-content-type-options: nosniff
date: Sat, 30 Dec 2023 12:35:08 GMT
server: envoy
Via: HTTP/2 edgeproxy, 1.1 google
Alt-Svc: h3=":443"; ma=2592000,h3-29=":443"; ma=2592000
Transfer-Encoding: chunked

{
    "collaborative": false,
    "description": "Testing spotify",
    "external_urls": {
        "spotify": "https://open.spotify.com/playlist/0xQtuJtLShUxasRsDDGtMn"
    },
    "followers": {
        "href": null,
        "total": 0
    },
    "href": "https://api.spotify.com/v1/playlists/0xQtuJtLShUxasRsDDGtMn",
    "id": "0xQtuJtLShUxasRsDDGtMn",
    "images": [
        
    ],
    "name": "MyNew PlayList2",
    "owner": {
        "display_name": "Rajhans Mehta",
        "external_urls": {
            "spotify": "https://open.spotify.com/user/31b4n7nf3rjv3x2toy3bthrfzwoi"
        },
        "href": "https://api.spotify.com/v1/users/31b4n7nf3rjv3x2toy3bthrfzwoi",
        "id": "31b4n7nf3rjv3x2toy3bthrfzwoi",
        "type": "user",
        "uri": "spotify:user:31b4n7nf3rjv3x2toy3bthrfzwoi"
    },
    "primary_color": null,
    "public": false,
    "snapshot_id": "MSxmZjc2ZGNjZDFhOTI3NGZjNzdkODBmM2U2NzkwNjMyOGM4MDEwNWMy",
    "tracks": {
        "href": "https://api.spotify.com/v1/playlists/0xQtuJtLShUxasRsDDGtMn/tracks",
        "items": [
            
        ],
        "limit": 100,
        "next": null,
        "offset": 0,
        "previous": null,
        "total": 0
    },
    "type": "playlist",
    "uri": "spotify:playlist:0xQtuJtLShUxasRsDDGtMn"
}
]]></system-out>
  </testcase>
</testsuite>