<?xml version="1.0" encoding="UTF-8"?>
<testsuite xmlns:xsi="http://www.w3.org/2001/XMLSchema-instance" xsi:noNamespaceSchemaLocation="https://maven.apache.org/surefire/maven-surefire-plugin/xsd/surefire-test-report-3.0.xsd" version="3.0" name="TestSuite" time="7.887" tests="4" errors="0" skipped="0" failures="0">
  <properties>
[...]
</properties>
  <testcase name="getPlayList_test" classname="com.Spotify.OAuth2.test.CRUD_PlayListTest" time="5.9">
    <system-out><![CDATA[renewing token.....
renewing token.....
renewing token.....
renewing token.....
Request method:	POST
Request URI:	https://accounts.spotify.com/api/token
Proxy:			<none>
Request params:	<none>
Query params:	<none>
Form params:	refresh_token=AQAXAJyKb2Dobv1_C3EuzmJcobtMvTUP6jUOtOyLzO2RnZwDYy6t7liTSZArraT2KemFJsDeMf0VLeWGfh9nvuPK6flTBC8s5_r--k7OczYzKS_FlTa_6PrTBeNe57g84bw
				grant_type=refresh_token
				client_secret=6f2753088e4242f7b24d31eb260b6531
				client_id=fd10a3ce8cda4fedb3ed631f6e014039
Path params:	<none>
Headers:		Accept=*/*
				Content-Type=application/x-www-form-urlencoded; charset=ISO-8859-1
Cookies:		<none>
Multiparts:		<none>
Body:			<none>
Request method:	POST
Request URI:	https://accounts.spotify.com/api/token
Proxy:			<none>
Request params:	<none>
Query params:	<none>
Form params:	refresh_token=AQAXAJyKb2Dobv1_C3EuzmJcobtMvTUP6jUOtOyLzO2RnZwDYy6t7liTSZArraT2KemFJsDeMf0VLeWGfh9nvuPK6flTBC8s5_r--k7OczYzKS_FlTa_6PrTBeNe57g84bw
				grant_type=refresh_token
				client_secret=6f2753088e4242f7b24d31eb260b6531
				client_id=fd10a3ce8cda4fedb3ed631f6e014039
Path params:	<none>
Headers:		Accept=*/*
				Content-Type=application/x-www-form-urlencoded; charset=ISO-8859-1
Cookies:		<none>
Multiparts:		<none>
Body:			<none>
Request method:	POST
Request URI:	https://accounts.spotify.com/api/token
Proxy:			<none>
Request params:	<none>
Query params:	<none>
Form params:	refresh_token=AQAXAJyKb2Dobv1_C3EuzmJcobtMvTUP6jUOtOyLzO2RnZwDYy6t7liTSZArraT2KemFJsDeMf0VLeWGfh9nvuPK6flTBC8s5_r--k7OczYzKS_FlTa_6PrTBeNe57g84bw
				grant_type=refresh_token
				client_secret=6f2753088e4242f7b24d31eb260b6531
				client_id=fd10a3ce8cda4fedb3ed631f6e014039
Path params:	<none>
Headers:		Accept=*/*
				Content-Type=application/x-www-form-urlencoded; charset=ISO-8859-1
Cookies:		<none>
Multiparts:		<none>
Body:			<none>
Request method:	POST
Request URI:	https://accounts.spotify.com/api/token
Proxy:			<none>
Request params:	<none>
Query params:	<none>
Form params:	refresh_token=AQAXAJyKb2Dobv1_C3EuzmJcobtMvTUP6jUOtOyLzO2RnZwDYy6t7liTSZArraT2KemFJsDeMf0VLeWGfh9nvuPK6flTBC8s5_r--k7OczYzKS_FlTa_6PrTBeNe57g84bw
				grant_type=refresh_token
				client_secret=6f2753088e4242f7b24d31eb260b6531
				client_id=fd10a3ce8cda4fedb3ed631f6e014039
Path params:	<none>
Headers:		Accept=*/*
				Content-Type=application/x-www-form-urlencoded; charset=ISO-8859-1
Cookies:		<none>
Multiparts:		<none>
Body:			<none>
HTTP/1.1 200 OK
date: Wed, 03 Jan 2024 05:19:20 GMT
content-type: application/json
vary: Accept-Encoding
set-cookie: __Host-device_id=AQA_Vc5qOcVUleWNFzg5gIRuR7Sy_lDOxkynFrsjIih4kwWNrVRKldZDOvxskmv-d7R5NDmqt8HVlwBAy30-gpQf1cDERymaUHA;Version=1;Path=/;Max-Age=2147483647;Secure;HttpOnly;SameSite=Lax
set-cookie: sp_tr=false;Version=1;Domain=accounts.spotify.com;Path=/;Secure;SameSite=Lax
sp-trace-id: 2fe5a38d6634d15d
content-encoding: gzip
x-envoy-upstream-service-time: 21
server: envoy
strict-transport-security: max-age=31536000
x-content-type-options: nosniff
Via: HTTP/2 edgeproxy, 1.1 google
Alt-Svc: h3=":443"; ma=2592000,h3-29=":443"; ma=2592000
Transfer-Encoding: chunked

{
    "access_token": "BQAESWyoz6QlKm5CCgIW4h5343Ie3cC8YqoP-NfjbbMaAgUwWShPKvbByzfE8TkCSfjl19sZpP9WuiOOoYgKXXGI7pST_MGbz8nKfYzDwez-H8F0qsd3kePpy1ZI82oQupaJ6AS5unuwVslMX72bP8tldtc4Mf-jHDpCx489fmW61gj2N3DPevgdGjBpAYcMbzMk8vuNJWMViMHQ0-9XTi3JOyGqggX-LgerNIZRD9-EwKYSBQoif_gnTuB0_0TvoxH6w17X_7YHy2Ck",
    "token_type": "Bearer",
    "expires_in": 3600,
    "scope": "playlist-read-private playlist-read-collaborative playlist-modify-private playlist-modify-public"
}
HTTP/1.1 200 OK
date: Wed, 03 Jan 2024 05:19:20 GMT
content-type: application/json
vary: Accept-Encoding
set-cookie: __Host-device_id=AQCelQBQzdzmBjpD3PhhLXrkKmfAO96A4fcQRI5A25Dv3vXuQwMhWDh5Zrq8E7P4naReq4Nsrd-qofnst27yw9ySs2bFODdUq_o;Version=1;Path=/;Max-Age=2147483647;Secure;HttpOnly;SameSite=Lax
set-cookie: sp_tr=false;Version=1;Domain=accounts.spotify.com;Path=/;Secure;SameSite=Lax
sp-trace-id: f6f4857caf0269f1
content-encoding: gzip
x-envoy-upstream-service-time: 21
server: envoy
strict-transport-security: max-age=31536000
x-content-type-options: nosniff
Via: HTTP/2 edgeproxy, 1.1 google
Alt-Svc: h3=":443"; ma=2592000,h3-29=":443"; ma=2592000
Transfer-Encoding: chunked

{
    "access_token": "BQAe5hYeBJYK-Udbi9LYd_wmkMawmTax95jT8XwJfpNNzX5KSIDu6-zBA0ccH64LNICYmOeInP-4i-1zxp5SmHc5vpugheKDoVrSATk5ELeLJ5rvfQGb2mVbKBKQemxV_34rooPtmYHHv97yfEPkQVvctkwR7iCcArJymmuCOGfj-N3TB9_8mvoFG1R5m4pxMZPRmtarZrHfiRFvhDVj59PkPhZUhO04Tm4oTPAnLrRKhE0teQbrkJGPX4HY3W6dy3AxaofIPzKCjbj7",
    "token_type": "Bearer",
    "expires_in": 3600,
    "scope": "playlist-read-private playlist-read-collaborative playlist-modify-private playlist-modify-public"
}
HTTP/1.1 200 OK
date: Wed, 03 Jan 2024 05:19:20 GMT
content-type: application/json
vary: Accept-Encoding
set-cookie: __Host-device_id=AQBrVXZy0XUWQ0_h4kkFJnT_vjETBtIHPkKOXX3oKuNumliHgBP7tBY3tSDrwkZ43hXFGBVOAZ1e8HkGx08Tk9ki_tyQVATOy1U;Version=1;Path=/;Max-Age=2147483647;Secure;HttpOnly;SameSite=Lax
set-cookie: sp_tr=false;Version=1;Domain=accounts.spotify.com;Path=/;Secure;SameSite=Lax
sp-trace-id: 32814c94239eadb7
content-encoding: gzip
x-envoy-upstream-service-time: 22
server: envoy
strict-transport-security: max-age=31536000
x-content-type-options: nosniff
Via: HTTP/2 edgeproxy, 1.1 google
Alt-Svc: h3=":443"; ma=2592000,h3-29=":443"; ma=2592000
Transfer-Encoding: chunked

{
    "access_token": "BQBIBW4fGVsWKN0psudluOQONp3uW8-y1gk8gvHTRpRhtNgUV6riAjeH61gYzBqXvsxdjjtAhFVx5oIoqLyVim6-olNj33bTyMunWMFooS_-lQaYGmD6LXw3qJ6l5Ws_dmaENM6Q245J6VgZ9OqjfBqvEh5L6wxCNcnioT-S9Vr2DLjFZJivPupMv-xMQaW_QXImq_FNBcJgEDBScHR8jQ41EHO6sz_J33ANQUvrEhnqu2hQ96DuCQaD10Mh9pSLl7DdTNsKeFrGV_p4",
    "token_type": "Bearer",
    "expires_in": 3600,
    "scope": "playlist-read-private playlist-read-collaborative playlist-modify-private playlist-modify-public"
}
HTTP/1.1 200 OK
date: Wed, 03 Jan 2024 05:19:21 GMT
content-type: application/json
vary: Accept-Encoding
set-cookie: __Host-device_id=AQCSu5f6d6YGxsvIgL1TcKqio1L0AuCZj1h_FeF_NeQjn_HmGIiH3ASbwbn1Udaha-4RI1kbm375ATRA_ZTV7RBtNWtTzSMt0W0;Version=1;Path=/;Max-Age=2147483647;Secure;HttpOnly;SameSite=Lax
set-cookie: sp_tr=false;Version=1;Domain=accounts.spotify.com;Path=/;Secure;SameSite=Lax
sp-trace-id: 917a37c94b78d8a3
content-encoding: gzip
x-envoy-upstream-service-time: 25
server: envoy
strict-transport-security: max-age=31536000
x-content-type-options: nosniff
Via: HTTP/2 edgeproxy, 1.1 google
Alt-Svc: h3=":443"; ma=2592000,h3-29=":443"; ma=2592000
Transfer-Encoding: chunked

{
    "access_token": "BQCaMAKCHkUXUzc8gOWCoHTbQdkM53bnbHHhRBWbAtlfSYuqNgQHYVPdewK8h2zlyBn4xhZ4oLJ6bEurA0iQp1evlFKCYulJW2Jx1pRe1spPz9R0V6Z5FEsMktMpDJZABq2KsKyCvDk2B6tTQmHEux9woW4TXBWgF5ki6G3pMXg34DA2PISsSvC3JXwnYvM3yLTKWqD0RB4vPuWwzak61YX8ZkOIe3LeLRQrnEvapQC5FgmC6snDbVZiPYAKnb72xoIB0zV0lyzeodyI",
    "token_type": "Bearer",
    "expires_in": 3600,
    "scope": "playlist-read-private playlist-read-collaborative playlist-modify-private playlist-modify-public"
}
Request method:	GET
Request URI:	https://api.spotify.com/v1/playlists/0UrzGtrt1nDbxX1vrFh7UX
Proxy:			<none>
Request params:	<none>
Query params:	<none>
Form params:	<none>
Path params:	<none>
Headers:		Authorization=Bearer BQBIBW4fGVsWKN0psudluOQONp3uW8-y1gk8gvHTRpRhtNgUV6riAjeH61gYzBqXvsxdjjtAhFVx5oIoqLyVim6-olNj33bTyMunWMFooS_-lQaYGmD6LXw3qJ6l5Ws_dmaENM6Q245J6VgZ9OqjfBqvEh5L6wxCNcnioT-S9Vr2DLjFZJivPupMv-xMQaW_QXImq_FNBcJgEDBScHR8jQ41EHO6sz_J33ANQUvrEhnqu2hQ96DuCQaD10Mh9pSLl7DdTNsKeFrGV_p4
				Accept=*/*
				Content-Type=application/json
Cookies:		<none>
Multiparts:		<none>
Body:			<none>
Request method:	POST
Request URI:	https://api.spotify.com/v1/users/31b4n7nf3rjv3x2toy3bthrfzwoi/playlists
Proxy:			<none>
Request params:	<none>
Query params:	<none>
Form params:	<none>
Path params:	<none>
Headers:		Accept=*/*
				Content-Type=application/json
Cookies:		<none>
Multiparts:		<none>
Body:
{
    "name": "MyNew PlayList2",
    "description": "Testing spotify",
    "public": false
}
Request method:	PUT
Request URI:	https://api.spotify.com/v1/playlists/0UrzGtrt1nDbxX1vrFh7UX
Proxy:			<none>
Request params:	<none>
Query params:	<none>
Form params:	<none>
Path params:	<none>
Headers:		Accept=*/*
				Content-Type=application/json
Cookies:		<none>
Multiparts:		<none>
Body:
{
    "name": "MyNew PlayList2",
    "description": "Testing spotify",
    "public": false
}
HTTP/1.1 200 OK
content-type: application/json; charset=utf-8
cache-control: public, max-age=0
etag: "MC-IjdhYTgyYWJiOGY1Njg0MjEwZDYyZDY4NTJlMmVlZjY2Ig=="
x-robots-tag: noindex, nofollow
access-control-allow-origin: *
access-control-allow-headers: Accept, App-Platform, Authorization, Content-Type, Origin, Retry-After, Spotify-App-Version, X-Cloud-Trace-Context, client-token, content-access-token
access-control-allow-methods: GET, POST, OPTIONS, PUT, DELETE, PATCH
access-control-allow-credentials: true
access-control-max-age: 604800
content-encoding: gzip
strict-transport-security: max-age=31536000
x-content-type-options: nosniff
date: Wed, 03 Jan 2024 05:19:22 GMT
server: envoy
Via: HTTP/2 edgeproxy, 1.1 google
Alt-Svc: h3=":443"; ma=2592000,h3-29=":443"; ma=2592000
Transfer-Encoding: chunked

{
    "collaborative": false,
    "external_urls": {
        "spotify": "https://open.spotify.com/playlist/0UrzGtrt1nDbxX1vrFh7UX"
    },
    "followers": {
        "href": null,
        "total": 0
    },
    "href": "https://api.spotify.com/v1/playlists/0UrzGtrt1nDbxX1vrFh7UX",
    "id": "0UrzGtrt1nDbxX1vrFh7UX",
    "images": null,
    "primary_color": null,
    "name": "MyNew PlayList2",
    "description": "Testing spotify",
    "type": "playlist",
    "uri": "spotify:playlist:0UrzGtrt1nDbxX1vrFh7UX",
    "owner": {
        "href": "https://api.spotify.com/v1/users/31b4n7nf3rjv3x2toy3bthrfzwoi",
        "id": "31b4n7nf3rjv3x2toy3bthrfzwoi",
        "type": "user",
        "uri": "spotify:user:31b4n7nf3rjv3x2toy3bthrfzwoi",
        "display_name": "Rajhans Mehta",
        "external_urls": {
            "spotify": "https://open.spotify.com/user/31b4n7nf3rjv3x2toy3bthrfzwoi"
        }
    },
    "public": true,
    "snapshot_id": "MTAsZjIxZTFkNzExN2I0ZjdmYmJlMGUyOWVhNWNiM2RiYTc0ZGZlYjI2Zg==",
    "tracks": {
        "limit": 0,
        "next": null,
        "offset": 0,
        "previous": null,
        "href": "https://api.spotify.com/v1/playlists/0UrzGtrt1nDbxX1vrFh7UX/tracks?offset=0&limit=0",
        "total": 0,
        "items": [
            
        ]
    }
}
Request method:	POST
Request URI:	https://api.spotify.com/v1/users/31b4n7nf3rjv3x2toy3bthrfzwoi/playlists
Proxy:			<none>
Request params:	<none>
Query params:	<none>
Form params:	<none>
Path params:	<none>
Headers:		Accept=*/*
				Content-Type=application/json
Cookies:		<none>
Multiparts:		<none>
Body:
{
    "name": "",
    "description": "Testing spotify",
    "public": false
}
]]></system-out>
    <system-err><![CDATA[SLF4J: Failed to load class "org.slf4j.impl.StaticLoggerBinder".
SLF4J: Defaulting to no-operation (NOP) logger implementation
SLF4J: See http://www.slf4j.org/codes.html#StaticLoggerBinder for further details.
]]></system-err>
  </testcase>
  <testcase name="testWithoutName" classname="com.Spotify.OAuth2.test.CRUD_PlayListTest" time="6.09">
    <system-out><![CDATA[HTTP/1.1 400 Bad Request
content-type: application/json; charset=utf-8
cache-control: private, max-age=0
x-robots-tag: noindex, nofollow
access-control-allow-origin: *
access-control-allow-headers: Accept, App-Platform, Authorization, Content-Type, Origin, Retry-After, Spotify-App-Version, X-Cloud-Trace-Context, client-token, content-access-token
access-control-allow-methods: GET, POST, OPTIONS, PUT, DELETE, PATCH
access-control-allow-credentials: true
access-control-max-age: 604800
content-encoding: gzip
strict-transport-security: max-age=31536000
x-content-type-options: nosniff
date: Wed, 03 Jan 2024 05:19:23 GMT
server: envoy
Via: HTTP/2 edgeproxy, 1.1 google
Alt-Svc: h3=":443"; ma=2592000,h3-29=":443"; ma=2592000
Transfer-Encoding: chunked

{
    "error": {
        "status": 400,
        "message": "Missing required field: name"
    }
}
]]></system-out>
  </testcase>
  <testcase name="updatePlaylistTest" classname="com.Spotify.OAuth2.test.CRUD_PlayListTest" time="6.137">
    <system-out><![CDATA[HTTP/1.1 200 OK
cache-control: private, max-age=0
x-robots-tag: noindex, nofollow
access-control-allow-origin: *
access-control-allow-headers: Accept, App-Platform, Authorization, Content-Type, Origin, Retry-After, Spotify-App-Version, X-Cloud-Trace-Context, client-token, content-access-token
access-control-allow-methods: GET, POST, OPTIONS, PUT, DELETE, PATCH
access-control-allow-credentials: true
access-control-max-age: 604800
Content-Length: 0
strict-transport-security: max-age=31536000
x-content-type-options: nosniff
date: Wed, 03 Jan 2024 05:19:23 GMT
server: envoy
Via: HTTP/2 edgeproxy, 1.1 google
Alt-Svc: h3=":443"; ma=2592000,h3-29=":443"; ma=2592000
]]></system-out>
  </testcase>
  <testcase name="CreatePlayList_test" classname="com.Spotify.OAuth2.test.CRUD_PlayListTest" time="6.297">
    <system-out><![CDATA[HTTP/1.1 201 Created
content-type: application/json; charset=utf-8
cache-control: private, max-age=0
location: https://api.spotify.com/v1/playlists/5vLLNRT3uANF45kqMINHvf
x-robots-tag: noindex, nofollow
access-control-allow-origin: *
access-control-allow-headers: Accept, App-Platform, Authorization, Content-Type, Origin, Retry-After, Spotify-App-Version, X-Cloud-Trace-Context, client-token, content-access-token
access-control-allow-methods: GET, POST, OPTIONS, PUT, DELETE, PATCH
access-control-allow-credentials: true
access-control-max-age: 604800
content-encoding: gzip
strict-transport-security: max-age=31536000
x-content-type-options: nosniff
date: Wed, 03 Jan 2024 05:19:23 GMT
server: envoy
Via: HTTP/2 edgeproxy, 1.1 google
Alt-Svc: h3=":443"; ma=2592000,h3-29=":443"; ma=2592000
Transfer-Encoding: chunked

{
    "collaborative": false,
    "description": "Testing spotify",
    "external_urls": {
        "spotify": "https://open.spotify.com/playlist/5vLLNRT3uANF45kqMINHvf"
    },
    "followers": {
        "href": null,
        "total": 0
    },
    "href": "https://api.spotify.com/v1/playlists/5vLLNRT3uANF45kqMINHvf",
    "id": "5vLLNRT3uANF45kqMINHvf",
    "images": [
        
    ],
    "name": "MyNew PlayList2",
    "owner": {
        "display_name": "Rajhans Mehta",
        "external_urls": {
            "spotify": "https://open.spotify.com/user/31b4n7nf3rjv3x2toy3bthrfzwoi"
        },
        "href": "https://api.spotify.com/v1/users/31b4n7nf3rjv3x2toy3bthrfzwoi",
        "id": "31b4n7nf3rjv3x2toy3bthrfzwoi",
        "type": "user",
        "uri": "spotify:user:31b4n7nf3rjv3x2toy3bthrfzwoi"
    },
    "primary_color": null,
    "public": false,
    "snapshot_id": "MSw1MDZjMzk5YjYyNzA4NjUwOTVkZDBmMWIzY2FhOTEzMTIwNmJjNTBk",
    "tracks": {
        "href": "https://api.spotify.com/v1/playlists/5vLLNRT3uANF45kqMINHvf/tracks",
        "items": [
            
        ],
        "limit": 100,
        "next": null,
        "offset": 0,
        "previous": null,
        "total": 0
    },
    "type": "playlist",
    "uri": "spotify:playlist:5vLLNRT3uANF45kqMINHvf"
}
]]></system-out>
  </testcase>
</testsuite>