<?xml version="1.0" encoding="UTF-8"?>
<testng-results ignored="0" total="4" passed="4" failed="0" skipped="0">
  <reporter-output>
  </reporter-output>
  <suite started-at="2023-12-29T23:27:31 IST" name="Default suite" finished-at="2023-12-29T23:27:39 IST" duration-ms="7700">
    <groups>
    </groups>
    <test started-at="2023-12-29T23:27:31 IST" name="Default test" finished-at="2023-12-29T23:27:39 IST" duration-ms="7700">
      <class name="com.Spotify.OAuth2.test.CRUD_PlayListTest">
        <test-method signature="CreatePlayList_test()[pri:0, instance:com.Spotify.OAuth2.test.CRUD_PlayListTest@12b5454f]" started-at="2023-12-29T23:27:31 IST" name="CreatePlayList_test" description="should be able to create a playlist" finished-at="2023-12-29T23:27:37 IST" duration-ms="6463" status="PASS">
          <reporter-output>
          </reporter-output>
        </test-method> <!-- CreatePlayList_test -->
        <test-method signature="getPlayList_test()[pri:0, instance:com.Spotify.OAuth2.test.CRUD_PlayListTest@12b5454f]" started-at="2023-12-29T23:27:37 IST" name="getPlayList_test" description="user should be able to get the playlist" finished-at="2023-12-29T23:27:38 IST" duration-ms="405" status="PASS">
          <reporter-output>
          </reporter-output>
        </test-method> <!-- getPlayList_test -->
        <test-method signature="testWithoutName()[pri:0, instance:com.Spotify.OAuth2.test.CRUD_PlayListTest@12b5454f]" started-at="2023-12-29T23:27:38 IST" name="testWithoutName" description="user should not create playist without name(playlist)" finished-at="2023-12-29T23:27:38 IST" duration-ms="273" status="PASS">
          <reporter-output>
          </reporter-output>
        </test-method> <!-- testWithoutName -->
        <test-method signature="updatePlaylistTest()[pri:0, instance:com.Spotify.OAuth2.test.CRUD_PlayListTest@12b5454f]" started-at="2023-12-29T23:27:38 IST" name="updatePlaylistTest" description="user should be able to update the playlist" finished-at="2023-12-29T23:27:39 IST" duration-ms="343" status="PASS">
          <reporter-output>
          </reporter-output>
        </test-method> <!-- updatePlaylistTest -->
      </class> <!-- com.Spotify.OAuth2.test.CRUD_PlayListTest -->
    </test> <!-- Default test -->
  </suite> <!-- Default suite -->
</testng-results>
