<?xml version="1.0" encoding="UTF-8"?>
<testng-results ignored="0" total="4" passed="4" failed="0" skipped="0">
  <reporter-output>
  </reporter-output>
  <suite started-at="2023-12-29T17:54:57 IST" name="Default suite" finished-at="2023-12-29T17:55:04 IST" duration-ms="7722">
    <groups>
    </groups>
    <test started-at="2023-12-29T17:54:57 IST" name="Default test" finished-at="2023-12-29T17:55:04 IST" duration-ms="7722">
      <class name="com.Spotify.OAuth2.test.CRUD_PlayListTest">
        <test-method signature="CreatePlayList_test()[pri:0, instance:com.Spotify.OAuth2.test.CRUD_PlayListTest@3f93e4a8]" started-at="2023-12-29T17:54:57 IST" name="CreatePlayList_test" description="should be able to create a playlist" finished-at="2023-12-29T17:55:03 IST" duration-ms="5910" status="PASS">
          <reporter-output>
          </reporter-output>
        </test-method> <!-- CreatePlayList_test -->
        <test-method signature="getPlayList_test()[pri:0, instance:com.Spotify.OAuth2.test.CRUD_PlayListTest@3f93e4a8]" started-at="2023-12-29T17:55:03 IST" name="getPlayList_test" description="user should be able to get the playlist" finished-at="2023-12-29T17:55:03 IST" duration-ms="720" status="PASS">
          <reporter-output>
          </reporter-output>
        </test-method> <!-- getPlayList_test -->
        <test-method signature="testWithoutName()[pri:0, instance:com.Spotify.OAuth2.test.CRUD_PlayListTest@3f93e4a8]" started-at="2023-12-29T17:55:03 IST" name="testWithoutName" description="user should not create playist without name(playlist)" finished-at="2023-12-29T17:55:04 IST" duration-ms="313" status="PASS">
          <reporter-output>
          </reporter-output>
        </test-method> <!-- testWithoutName -->
        <test-method signature="updatePlaylistTest()[pri:0, instance:com.Spotify.OAuth2.test.CRUD_PlayListTest@3f93e4a8]" started-at="2023-12-29T17:55:04 IST" name="updatePlaylistTest" description="user should be able to update the playlist" finished-at="2023-12-29T17:55:04 IST" duration-ms="563" status="PASS">
          <reporter-output>
          </reporter-output>
        </test-method> <!-- updatePlaylistTest -->
      </class> <!-- com.Spotify.OAuth2.test.CRUD_PlayListTest -->
    </test> <!-- Default test -->
  </suite> <!-- Default suite -->
</testng-results>
